<?xml version="1.0" encoding="UTF-8"?>
<testsuite name="springboot.service.impl.UserServiceImplTest" time="0.012" tests="4" errors="0" skipped="0" failures="0">
  <properties>
[...]
</properties>
  <testcase name="testUpdateByUid" classname="springboot.service.impl.UserServiceImplTest" time="0"/>
  <testcase name="testLogin" classname="springboot.service.impl.UserServiceImplTest" time="0"/>
  <testcase name="testQueryUserById" classname="springboot.service.impl.UserServiceImplTest" time="0.006"/>
  <testcase name="testInsertUser" classname="springboot.service.impl.UserServiceImplTest" time="0.006"/>
</testsuite>